Model
psnr - 37.40000616073608
ssim - 0.9777603614330291
sse - 44.771792526245115
lpips - 0.01250503577524796
Richardson-lucy
psnr - 34.18054010391236
ssim - 0.9073732548952103
sse - 1496.039383163968
lpips - 0.11820577619078163
Testing ━━━━━━━━━━━━━━━━━━━━━━━━━━━━━━━━━━━━━━━━ 100/100 0:00:22 • 0:00:00 4.42it/s
For kernel_size=5
Restoring states from the checkpoint path at models/debluring_run_3/checkpoints/epoch=1979-step=79200.ckpt
LOCAL_RANK: 0 - CUDA_VISIBLE_DEVICES: [0]
Loaded model weights from the checkpoint at models/debluring_run_3/checkpoints/epoch=1979-step=79200.ckpt
Model
psnr - 36.11996856689453
ssim - 0.963919323682785
sse - 77.6943200302124
lpips - 0.026225049381610008
Richardson-lucy
psnr - 41.232601652145384
ssim - 0.8883787339925766
sse - 1537.5181062874044
lpips - 0.13583627326673947